Diagnose log at 2026-07-01T12:44:40Z

AppPath: C:\Program Files\Git\mingw64\bin\git-credential-manager.exe
InstallDir: C:\Program Files\Git\mingw64\bin\
Version: 2.7.3+5fa7116896c82164996a609accd1c5ad90fe730a

------------
Diagnostic: Environment
Skipped: False
Success: True
Exception: None
Log:
OSType: Windows
OSVersion: 10.0 (build 26200)
Reading environment variables... OK
 Variables:
SystemDrive=C:
ProgramFiles(x86)=C:\Program Files (x86)
MSYSTEM=MINGW64
ProgramW6432=C:\Program Files
EFC_10164_1592913036=1
PROCESSOR_IDENTIFIER=AMD64 Family 25 Model 80 Stepping 0, AuthenticAMD
TMP=C:\Users\kapil\AppData\Local\Temp
PROCESSOR_ARCHITECTURE=AMD64
VSCODE_GIT_ASKPASS_MAIN=c:\Users\kapil\AppData\Roaming\Code\User\globalStorage\vscode.git\askpass\70789581cae28aa7\askpass-main.js
Path=C:/Program Files/Git/mingw64/libexec/git-core;C:\Program Files\Git\mingw64\bin;C:\Program Files\Git\usr\bin;C:\Users\kapil\bin;C:\Program Files\Common Files\Oracle\Java\javapath;C:\WINDOWS\system32;C:\WINDOWS;C:\WINDOWS\System32\Wbem;C:\WINDOWS\System32\WindowsPowerShell\v1.0\;C:\WINDOWS\System32\OpenSSH\;C:\Program Files\dotnet\;C:\Program Files\nodejs\;C:\Program Files\Git\cmd;C:\Users\kapil\AppData\Local\Programs\Python\Python313\Scripts\;C:\Users\kapil\AppData\Local\Programs\Python\Python313\;C:\Program Files\MySQL\MySQL Shell 8.0\bin\;C:\Users\kapil\AppData\Local\Microsoft\WindowsApps;C:\Users\kapil\AppData\Local\Programs\Microsoft VS Code\bin;C:\MinGW\bin;C:\Users\kapil\AppData\Roaming\npm
VSCODE_GIT_IPC_HANDLE=\\.\pipe\vscode-git-02c008abd6-sock
PROCESSOR_REVISION=5000
TEMP=C:\Users\kapil\AppData\Local\Temp
USERPROFILE=C:\Users\kapil
LOGONSERVER=\\POONIA_KAPIL
TERM=xterm-256color
USERNAME=kapil
SystemRoot=C:\WINDOWS
CHROME_CRASHPAD_PIPE_NAME=\\.\pipe\crashpad_22448_DMGJBOKBHXTTRKGY
GIT_EXEC_PATH=C:/Program Files/Git/mingw64/libexec/git-core
PLINK_PROTOCOL=ssh
OneDrive=C:\Users\kapil\OneDrive
USERDOMAIN_ROAMINGPROFILE=POONIA_KAPIL
CommonProgramFiles=C:\Program Files\Common Files
VSCODE_INJECTION=1
VSCODE_PYTHON_AUTOACTIVATE_GUARD=1
ProgramData=C:\ProgramData
LANG=en_US.UTF-8
GIT_ASKPASS=c:\Users\kapil\AppData\Roaming\Code\User\globalStorage\vscode.git\askpass\70789581cae28aa7\askpass.sh
HOMEPATH=\Users\kapil
OneDriveConsumer=C:\Users\kapil\OneDrive
COMPUTERNAME=POONIA_KAPIL
ALLUSERSPROFILE=C:\ProgramData
CommonProgramW6432=C:\Program Files\Common Files
PT7HOME=C:\Program Files\Cisco Packet Tracer 7.3.0
PT8HOME=C:\Program Files\Cisco Packet Tracer 8.2.2
SESSIONNAME=Console
DriverData=C:\Windows\System32\Drivers\DriverData
HOMEDRIVE=C:
windir=C:\WINDOWS
GIT_TRACE2_PARENT_SID=0271b0bb-2b21-4275-b408-12ee49799fc6
VSCODE_GIT_ASKPASS_NODE=C:\Users\kapil\AppData\Local\Programs\Microsoft VS Code\Code.exe
NUMBER_OF_PROCESSORS=16
OS=Windows_NT
ProgramFiles=C:\Program Files
ComSpec=C:\WINDOWS\system32\cmd.exe
PATHEXT=.COM;.EXE;.BAT;.CMD;.VBS;.VBE;.JS;.JSE;.WSF;.WSH;.MSC;.CPL
HOME=C:\Users\kapil
PSModulePath=C:\Users\kapil\OneDrive\Documents\WindowsPowerShell\Modules;C:\Program Files\WindowsPowerShell\Modules;C:\WINDOWS\system32\WindowsPowerShell\v1.0\Modules
TMPDIR=C:\Users\kapil\AppData\Local\Temp
APPDATA=C:\Users\kapil\AppData\Roaming
USERDOMAIN=POONIA_KAPIL
PROCESSOR_LEVEL=25
LOCALAPPDATA=C:\Users\kapil\AppData\Local
TERM_PROGRAM_VERSION=1.127.0
CommonProgramFiles(x86)=C:\Program Files (x86)\Common Files
COLORTERM=truecolor
PUBLIC=C:\Users\Public
TERM_PROGRAM=vscode
VSCODE_GIT_ASKPASS_EXTRA_ARGS=
QT_DEVICE_PIXEL_RATIO=auto


------------
Diagnostic: File system
Skipped: False
Success: True
Exception: None
Log:
Temporary directory is 'C:\Users\kapil\AppData\Local\Temp\'...
Checking basic file I/O...
Writing to temporary file 'C:\Users\kapil\AppData\Local\Temp\981044cf8c98087f5d9dc8d6'... OK
Reading from temporary file 'C:\Users\kapil\AppData\Local\Temp\981044cf8c98087f5d9dc8d6'... OK
Deleting temporary file 'C:\Users\kapil\AppData\Local\Temp\981044cf8c98087f5d9dc8d6'... OK
Testing IFileSystem instance...
UserHomePath: C:\Users\kapil
UserDataDirectoryPath: C:\Users\kapil\.gcm
GetCurrentDirectory(): C:\Users\kapil\OneDrive\Desktop\chaideploy\chaiaurbackend

------------
Diagnostic: Networking
Skipped: False
Success: True
Exception: None
Log:
Checking networking and HTTP stack...
Creating HTTP client... OK
IsNetworkAvailable: True
Sending HEAD request to http://example.com...Sending HEAD request to https://example.com... OK
 OK
Acquiring free TCP port... OK
Testing local HTTP loopback connections...
Creating new HTTP listener for http://localhost:63941/... OK
Waiting for loopback connection... OK
Writing response... OK
Waiting for response data... OK
Loopback connection data OK

------------
Diagnostic: Git
Skipped: False
Success: True
Exception: None
Log:
Getting Git version... OK
Git version is '2.54.0.windows.1'
Locating current repository...Git repository at 'C:/Users/kapil/OneDrive/Desktop/chaideploy/chaiaurbackend/.git'
 OK
Listing all Git configuration... OK
Git configuration:
file:C:/Program Files/Git/etc/gitconfig	diff.astextplain.textconv=astextplain
file:C:/Program Files/Git/etc/gitconfig	filter.lfs.clean=git-lfs clean -- %f
file:C:/Program Files/Git/etc/gitconfig	filter.lfs.smudge=git-lfs smudge -- %f
file:C:/Program Files/Git/etc/gitconfig	filter.lfs.process=git-lfs filter-process
file:C:/Program Files/Git/etc/gitconfig	filter.lfs.required=true
file:C:/Program Files/Git/etc/gitconfig	http.sslbackend=schannel
file:C:/Program Files/Git/etc/gitconfig	core.autocrlf=true
file:C:/Program Files/Git/etc/gitconfig	core.fscache=true
file:C:/Program Files/Git/etc/gitconfig	core.symlinks=false
file:C:/Program Files/Git/etc/gitconfig	pull.rebase=false
file:C:/Program Files/Git/etc/gitconfig	credential.helper=manager
file:C:/Program Files/Git/etc/gitconfig	credential.https://dev.azure.com.usehttppath=true
file:C:/Program Files/Git/etc/gitconfig	init.defaultbranch=master
file:C:/Users/kapil/.gitconfig	user.name=kapil23803
file:C:/Users/kapil/.gitconfig	user.email=kapilpoonia2305@gmail.com
file:C:/Users/kapil/.gitconfig	credential.helper=manager
file:.git/config	core.repositoryformatversion=0
file:.git/config	core.filemode=false
file:.git/config	core.bare=false
file:.git/config	core.logallrefupdates=true
file:.git/config	core.symlinks=false
file:.git/config	core.ignorecase=true
file:.git/config	remote.origin.url=https://github.com/kapil23803/chai-backend.git
file:.git/config	remote.origin.fetch=+refs/heads/*:refs/remotes/origin/*


------------
Diagnostic: Credential storage
Skipped: False
Success: True
Exception: None
Log:
ICredentialStore instance is of type: CredentialStore
Writing test credential... OK
Reading test credential... OK
Deleting test credential... OK

------------
Diagnostic: Microsoft authentication (AAD/MSA)
Skipped: False
Success: True
Exception: None
Log:
Broker is not enabled.
Flow type is: Auto
Gathering MSAL token cache data... OK
CacheDirectory: C:\Users\kapil\AppData\Local\.IdentityService
CacheFileName: msal.cache
CacheFilePath: C:\Users\kapil\AppData\Local\.IdentityService\msal.cache
Creating cache helper... OK
Verifying MSAL token cache persistence... OK

------------
Diagnostic: GitHub API
Skipped: False
Success: True
Exception: None
Log:
Using 'https://github.com/' as API target.
Querying '/meta' endpoint... OK

